<?xml version="1.0" encoding="UTF-8"?>
<!-- Generated by org.testng.reporters.JUnitReportReporter -->
<testsuite hostname="MSDT011" failures="0" tests="3" name="tests.LoginPageTest" time="22.770" errors="0" timestamp="2022-06-02T13:54:51 IST" skipped="0">
  <testcase classname="tests.LoginPageTest" name="enterLoginDetails" time="15.251"/>
  <system-out/>
  <testcase classname="tests.LoginPageTest" name="verifyTitleOfUser" time="0.442"/>
  <system-out/>
  <testcase classname="tests.LoginPageTest" name="verifyGetWindowHandles" time="7.077"/>
  <system-out/>
</testsuite> <!-- tests.LoginPageTest -->
